2026-04-17 13:04:34,776 - INFO - Starting PDF extraction process...
2026-04-17 13:05:14,955 - INFO - Processing: 08-Management-of-Sites-of-Cultural-Significance.pdf
2026-04-17 13:05:14,961 - INFO - Processing: 14-Manufacturing-and-Industry.pdf
2026-04-17 13:05:14,968 - INFO - Processing: 16-Recreation-and-Tourism.pdf
2026-04-17 13:05:14,991 - INFO - Processing: Am-122-Upper-Yarra-Valley-and-Dandenong-Ranges-RSP-Amendment.pdf
2026-04-17 13:05:15,121 - INFO - Processing: Using-Victorias-Planning-System.pdf
2026-04-17 13:06:30,748 - INFO - Starting PDF extraction process...
2026-04-17 13:07:11,870 - INFO - Processing: 08-Management-of-Sites-of-Cultural-Significance.pdf
2026-04-17 13:07:11,876 - INFO - Processing: 14-Manufacturing-and-Industry.pdf
2026-04-17 13:07:11,885 - INFO - Processing: 16-Recreation-and-Tourism.pdf
2026-04-17 13:07:11,910 - INFO - Processing: Am-122-Upper-Yarra-Valley-and-Dandenong-Ranges-RSP-Amendment.pdf
2026-04-17 13:07:12,047 - INFO - Processing: Using-Victorias-Planning-System.pdf
2026-04-17 13:07:12,133 - INFO - Processing complete. Files saved to outputs/
2026-04-17 13:08:31,839 - INFO - Starting PDF extraction process...
2026-04-17 13:09:12,004 - INFO - Processing: 08-Management-of-Sites-of-Cultural-Significance.pdf
2026-04-17 13:09:12,009 - INFO - Processing: 14-Manufacturing-and-Industry.pdf
2026-04-17 13:09:12,018 - INFO - Processing: 16-Recreation-and-Tourism.pdf
2026-04-17 13:09:12,042 - INFO - Processing: Am-122-Upper-Yarra-Valley-and-Dandenong-Ranges-RSP-Amendment.pdf
2026-04-17 13:09:12,174 - INFO - Processing: Using-Victorias-Planning-System.pdf
2026-04-17 13:09:12,241 - INFO - Processing complete. Files saved to outputs/
2026-04-21 17:45:37,500 - INFO - Starting PDF extraction process...
2026-04-21 17:46:36,384 - INFO - Processing: 04-Landscape-Living-Policy-Areas.pdf
2026-04-21 17:46:36,428 - INFO - Processing: 08-Management-of-Sites-of-Cultural-Significance.pdf
2026-04-21 17:46:36,432 - INFO - Processing: 09-Puffing-Billy-Railway-Scenic-Corridors.pdf
2026-04-21 17:46:36,436 - INFO - Processing: 10-Floodplan-Management.pdf
2026-04-21 17:46:36,443 - INFO - Processing: 14-Manufacturing-and-Industry.pdf
2026-04-21 17:46:36,453 - INFO - Processing: 15-Extractive-Industry,-Mining-and-Soil-Removal.pdf
2026-04-21 17:46:36,466 - INFO - Processing: 16-Recreation-and-Tourism.pdf
2026-04-21 17:46:36,496 - INFO - Processing: 17-Water-Resources.pdf
2026-04-21 17:46:36,512 - INFO - Processing: Am-122-Upper-Yarra-Valley-and-Dandenong-Ranges-RSP-Amendment.pdf
2026-04-21 17:46:36,699 - INFO - Processing: Using-Victorias-Planning-System.pdf
2026-04-21 17:48:29,189 - INFO - Starting PDF extraction process...
2026-04-21 17:49:27,075 - INFO - Processing: 04-Landscape-Living-Policy-Areas.pdf
2026-04-21 17:49:27,105 - INFO - Processing: 08-Management-of-Sites-of-Cultural-Significance.pdf
2026-04-21 17:49:27,109 - INFO - Processing: 09-Puffing-Billy-Railway-Scenic-Corridors.pdf
2026-04-21 17:49:27,112 - INFO - Processing: 10-Floodplan-Management.pdf
2026-04-21 17:49:27,119 - INFO - Processing: 14-Manufacturing-and-Industry.pdf
2026-04-21 17:49:27,130 - INFO - Processing: 15-Extractive-Industry,-Mining-and-Soil-Removal.pdf
2026-04-21 17:49:27,142 - INFO - Processing: 16-Recreation-and-Tourism.pdf
2026-04-21 17:49:27,169 - INFO - Processing: 17-Water-Resources.pdf
2026-04-21 17:49:27,183 - INFO - Processing: Am-122-Upper-Yarra-Valley-and-Dandenong-Ranges-RSP-Amendment.pdf
2026-04-21 17:49:27,343 - INFO - Processing: Using-Victorias-Planning-System.pdf
2026-04-21 17:49:27,451 - INFO - Processing complete. Files saved to outputs/
2026-04-21 17:54:09,434 - INFO - Starting PDF extraction process...
2026-04-21 17:55:15,780 - INFO - Processing: 04-Landscape-Living-Policy-Areas.pdf
2026-04-21 17:55:15,807 - INFO - Processing: 08-Management-of-Sites-of-Cultural-Significance.pdf
2026-04-21 17:55:15,811 - INFO - Processing: 09-Puffing-Billy-Railway-Scenic-Corridors.pdf
2026-04-21 17:55:15,814 - INFO - Processing: 10-Floodplan-Management.pdf
2026-04-21 17:55:15,821 - INFO - Processing: 14-Manufacturing-and-Industry.pdf
2026-04-21 17:55:15,830 - INFO - Processing: 15-Extractive-Industry,-Mining-and-Soil-Removal.pdf
2026-04-21 17:55:15,842 - INFO - Processing: 16-Recreation-and-Tourism.pdf
2026-04-21 17:55:15,870 - INFO - Processing: 17-Water-Resources.pdf
2026-04-21 17:55:15,884 - INFO - Processing: Am-122-Upper-Yarra-Valley-and-Dandenong-Ranges-RSP-Amendment.pdf
2026-04-21 17:55:16,051 - INFO - Processing: Using-Victorias-Planning-System.pdf
2026-04-21 17:55:16,170 - INFO - Processing complete. Files saved to outputs/
2026-04-21 17:56:43,259 - INFO - Starting PDF extraction process...
2026-04-21 17:57:42,044 - INFO - Processing: 04-Landscape-Living-Policy-Areas.pdf
2026-04-21 17:57:42,078 - INFO - Processing: 08-Management-of-Sites-of-Cultural-Significance.pdf
2026-04-21 17:57:42,083 - INFO - Processing: 09-Puffing-Billy-Railway-Scenic-Corridors.pdf
2026-04-21 17:57:42,086 - INFO - Processing: 10-Floodplan-Management.pdf
2026-04-21 17:57:42,094 - INFO - Processing: 14-Manufacturing-and-Industry.pdf
2026-04-21 17:57:42,103 - INFO - Processing: 15-Extractive-Industry,-Mining-and-Soil-Removal.pdf
2026-04-21 17:57:42,117 - INFO - Processing: 16-Recreation-and-Tourism.pdf
2026-04-21 17:57:42,147 - INFO - Processing: 17-Water-Resources.pdf
2026-04-21 17:57:42,161 - INFO - Processing: Am-122-Upper-Yarra-Valley-and-Dandenong-Ranges-RSP-Amendment.pdf
2026-04-21 17:57:42,328 - INFO - Processing: Using-Victorias-Planning-System.pdf
2026-04-21 17:57:42,433 - INFO - Processing complete. Files saved to outputs/
2026-04-21 17:59:42,046 - INFO - Starting PDF extraction process...
2026-04-21 18:00:55,345 - INFO - Processing: 04-Landscape-Living-Policy-Areas.pdf
2026-04-21 18:00:55,380 - INFO - Processing: 08-Management-of-Sites-of-Cultural-Significance.pdf
2026-04-21 18:00:55,385 - INFO - Processing: 09-Puffing-Billy-Railway-Scenic-Corridors.pdf
2026-04-21 18:00:55,389 - INFO - Processing: 10-Floodplan-Management.pdf
2026-04-21 18:00:55,396 - INFO - Processing: 14-Manufacturing-and-Industry.pdf
2026-04-21 18:00:55,407 - INFO - Processing: 15-Extractive-Industry,-Mining-and-Soil-Removal.pdf
2026-04-21 18:00:55,421 - INFO - Processing: 16-Recreation-and-Tourism.pdf
2026-04-21 18:00:55,449 - INFO - Processing: 17-Water-Resources.pdf
2026-04-21 18:00:55,465 - INFO - Processing: Am-122-Upper-Yarra-Valley-and-Dandenong-Ranges-RSP-Amendment.pdf
2026-04-21 18:00:55,629 - INFO - Processing: Using-Victorias-Planning-System.pdf
2026-04-21 18:00:55,771 - INFO - Processing complete. Files saved to outputs/
2026-04-28 18:21:19,414 - INFO - Starting PDF extraction process...
2026-04-28 18:22:04,874 - INFO - Processing: 03-Township-Policy-Areas-Policy-Areas.pdf
2026-04-28 18:22:04,898 - INFO - Processing: 04-Landscape-Living-Policy-Areas.pdf
2026-04-28 18:22:04,918 - INFO - Processing: 08-Management-of-Sites-of-Cultural-Significance.pdf
2026-04-28 18:22:04,921 - INFO - Processing: 09-Puffing-Billy-Railway-Scenic-Corridors.pdf
2026-04-28 18:22:04,924 - INFO - Processing: 10-Floodplan-Management.pdf
2026-04-28 18:22:04,929 - INFO - Processing: 14-Manufacturing-and-Industry.pdf
2026-04-28 18:22:04,936 - INFO - Processing: 15-Extractive-Industry,-Mining-and-Soil-Removal.pdf
2026-04-28 18:22:04,946 - INFO - Processing: 16-Recreation-and-Tourism.pdf
2026-04-28 18:22:04,968 - INFO - Processing: 17-Water-Resources.pdf
2026-04-28 18:22:04,980 - INFO - Processing: Am-122-Upper-Yarra-Valley-and-Dandenong-Ranges-RSP-Amendment.pdf
2026-04-28 18:22:05,104 - INFO - Processing: Using-Victorias-Planning-System.pdf
2026-04-28 18:22:05,195 - INFO - Processing complete. Files saved to outputs/
2026-05-05 23:30:45,461 - INFO - Starting PDF extraction process...
2026-05-05 23:31:40,800 - INFO - Processing: 03-Township-Policy-Areas-Policy-Areas.pdf
2026-05-05 23:31:40,849 - INFO - Processing: 04-Landscape-Living-Policy-Areas.pdf
2026-05-05 23:31:40,881 - INFO - Processing: 08-Management-of-Sites-of-Cultural-Significance.pdf
2026-05-05 23:31:40,886 - INFO - Processing: 09-Puffing-Billy-Railway-Scenic-Corridors.pdf
2026-05-05 23:31:40,889 - INFO - Processing: 10-Floodplan-Management.pdf
2026-05-05 23:31:40,897 - INFO - Processing: 14-Manufacturing-and-Industry.pdf
2026-05-05 23:31:40,909 - INFO - Processing: 15-Extractive-Industry,-Mining-and-Soil-Removal.pdf
2026-05-05 23:31:40,926 - INFO - Processing: 16-Recreation-and-Tourism.pdf
2026-05-05 23:31:40,965 - INFO - Processing: 17-Water-Resources.pdf
2026-05-05 23:31:40,981 - INFO - Processing: Am-122-Upper-Yarra-Valley-and-Dandenong-Ranges-RSP-Amendment.pdf
2026-05-05 23:31:41,150 - INFO - Processing: Using-Victorias-Planning-System.pdf
2026-05-05 23:31:41,288 - INFO - Processing complete. Files saved to outputs/
2026-05-06 23:58:57,514 - INFO - Starting PDF extraction process...
2026-05-06 23:59:53,317 - INFO - Processing: 03-Township-Policy-Areas-Policy-Areas.pdf
2026-05-06 23:59:53,358 - INFO - Processing: 04-Landscape-Living-Policy-Areas.pdf
2026-05-06 23:59:53,405 - INFO - Processing: 08-Management-of-Sites-of-Cultural-Significance.pdf
2026-05-06 23:59:53,411 - INFO - Processing: 09-Puffing-Billy-Railway-Scenic-Corridors.pdf
2026-05-06 23:59:53,416 - INFO - Processing: 10-Floodplan-Management.pdf
2026-05-06 23:59:53,426 - INFO - Processing: 14-Manufacturing-and-Industry.pdf
2026-05-06 23:59:53,438 - INFO - Processing: 15-Extractive-Industry,-Mining-and-Soil-Removal.pdf
2026-05-06 23:59:53,453 - INFO - Processing: 16-Recreation-and-Tourism.pdf
2026-05-06 23:59:53,486 - INFO - Processing: 17-Water-Resources.pdf
2026-05-06 23:59:53,500 - INFO - Processing: Am-122-Upper-Yarra-Valley-and-Dandenong-Ranges-RSP-Amendment.pdf
2026-05-06 23:59:53,676 - INFO - Processing: Using-Victorias-Planning-System.pdf
2026-05-06 23:59:53,822 - INFO - Processing complete. Files saved to outputs/
2026-05-08 15:01:43,852 - INFO - Starting PDF extraction process...
2026-05-08 15:02:48,779 - INFO - Processing: 03-Township-Policy-Areas-Policy-Areas.pdf
2026-05-08 15:02:48,824 - INFO - Processing: 04-Landscape-Living-Policy-Areas.pdf
2026-05-08 15:02:48,860 - INFO - Processing: 08-Management-of-Sites-of-Cultural-Significance.pdf
2026-05-08 15:02:48,866 - INFO - Processing: 09-Puffing-Billy-Railway-Scenic-Corridors.pdf
2026-05-08 15:02:48,870 - INFO - Processing: 10-Floodplan-Management.pdf
2026-05-08 15:02:48,882 - INFO - Processing: 14-Manufacturing-and-Industry.pdf
2026-05-08 15:02:48,898 - INFO - Processing: 15-Extractive-Industry,-Mining-and-Soil-Removal.pdf
2026-05-08 15:02:48,918 - INFO - Processing: 16-Recreation-and-Tourism.pdf
2026-05-08 15:02:48,968 - INFO - Processing: 17-Water-Resources.pdf
2026-05-08 15:02:48,990 - INFO - Processing: Am-122-Upper-Yarra-Valley-and-Dandenong-Ranges-RSP-Amendment.pdf
2026-05-08 15:02:49,228 - INFO - Processing: Using-Victorias-Planning-System.pdf
2026-05-08 15:02:49,402 - INFO - Processing complete. Files saved to outputs/
2026-05-12 13:24:58,129 - INFO - Starting PDF extraction process...
2026-05-12 13:25:39,186 - INFO - Processing: 03-Township-Policy-Areas-Policy-Areas.pdf
2026-05-12 13:25:39,210 - INFO - Processing: 04-Landscape-Living-Policy-Areas.pdf
2026-05-12 13:25:39,231 - INFO - Processing: 08-Management-of-Sites-of-Cultural-Significance.pdf
2026-05-12 13:25:39,236 - INFO - Processing: 09-Puffing-Billy-Railway-Scenic-Corridors.pdf
2026-05-12 13:25:39,238 - INFO - Processing: 10-Floodplan-Management.pdf
2026-05-12 13:25:39,244 - INFO - Processing: 14-Manufacturing-and-Industry.pdf
2026-05-12 13:25:39,252 - INFO - Processing: 15-Extractive-Industry,-Mining-and-Soil-Removal.pdf
2026-05-12 13:25:39,262 - INFO - Processing: 16-Recreation-and-Tourism.pdf
2026-05-12 13:25:39,285 - INFO - Processing: 17-Water-Resources.pdf
2026-05-12 13:25:39,296 - INFO - Processing: Am-122-Upper-Yarra-Valley-and-Dandenong-Ranges-RSP-Amendment.pdf
2026-05-12 13:25:39,420 - INFO - Processing: Using-Victorias-Planning-System.pdf
2026-05-12 13:25:39,512 - INFO - Processing complete. Files saved to outputs/
2026-05-12 13:37:51,996 - INFO - Starting PDF extraction process...
2026-05-12 13:38:33,663 - INFO - Processing: 03-Township-Policy-Areas-Policy-Areas.pdf
2026-05-12 13:38:33,685 - INFO - Processing: 04-Landscape-Living-Policy-Areas.pdf
2026-05-12 13:38:33,706 - INFO - Processing: 08-Management-of-Sites-of-Cultural-Significance.pdf
2026-05-12 13:38:33,710 - INFO - Processing: 09-Puffing-Billy-Railway-Scenic-Corridors.pdf
2026-05-12 13:38:33,712 - INFO - Processing: 10-Floodplan-Management.pdf
2026-05-12 13:38:33,718 - INFO - Processing: 14-Manufacturing-and-Industry.pdf
2026-05-12 13:38:33,725 - INFO - Processing: 15-Extractive-Industry,-Mining-and-Soil-Removal.pdf
2026-05-12 13:38:33,736 - INFO - Processing: 16-Recreation-and-Tourism.pdf
2026-05-12 13:38:33,759 - INFO - Processing: 17-Water-Resources.pdf
2026-05-12 13:38:33,771 - INFO - Processing: Am-122-Upper-Yarra-Valley-and-Dandenong-Ranges-RSP-Amendment.pdf
2026-05-12 13:38:33,894 - INFO - Processing: Using-Victorias-Planning-System.pdf
2026-05-12 13:38:33,985 - INFO - Processing complete. Files saved to outputs/
2026-05-12 13:42:49,383 - INFO - Starting PDF extraction process...
2026-05-12 13:43:30,473 - INFO - Processing: 03-Township-Policy-Areas-Policy-Areas.pdf
2026-05-12 13:43:30,498 - INFO - Processing: 04-Landscape-Living-Policy-Areas.pdf
2026-05-12 13:43:30,519 - INFO - Processing: 08-Management-of-Sites-of-Cultural-Significance.pdf
2026-05-12 13:43:30,523 - INFO - Processing: 09-Puffing-Billy-Railway-Scenic-Corridors.pdf
2026-05-12 13:43:30,526 - INFO - Processing: 10-Floodplan-Management.pdf
2026-05-12 13:43:30,532 - INFO - Processing: 14-Manufacturing-and-Industry.pdf
2026-05-12 13:43:30,540 - INFO - Processing: 15-Extractive-Industry,-Mining-and-Soil-Removal.pdf
2026-05-12 13:43:30,551 - INFO - Processing: 16-Recreation-and-Tourism.pdf
2026-05-12 13:43:30,574 - INFO - Processing: 17-Water-Resources.pdf
2026-05-12 13:43:30,588 - INFO - Processing: Am-122-Upper-Yarra-Valley-and-Dandenong-Ranges-RSP-Amendment.pdf
2026-05-12 13:43:30,717 - INFO - Processing: Using-Victorias-Planning-System.pdf
2026-05-12 13:43:30,814 - INFO - Processing complete. Files saved to outputs/
2026-05-12 13:47:30,709 - INFO - Starting PDF extraction process...
2026-05-12 13:48:11,437 - INFO - Processing: 03-Township-Policy-Areas-Policy-Areas.pdf
2026-05-12 13:48:11,462 - INFO - Processing: 04-Landscape-Living-Policy-Areas.pdf
2026-05-12 13:48:11,483 - INFO - Processing: 08-Management-of-Sites-of-Cultural-Significance.pdf
2026-05-12 13:48:11,486 - INFO - Processing: 09-Puffing-Billy-Railway-Scenic-Corridors.pdf
2026-05-12 13:48:11,489 - INFO - Processing: 10-Floodplan-Management.pdf
2026-05-12 13:48:11,495 - INFO - Processing: 14-Manufacturing-and-Industry.pdf
2026-05-12 13:48:11,502 - INFO - Processing: 15-Extractive-Industry,-Mining-and-Soil-Removal.pdf
2026-05-12 13:48:11,513 - INFO - Processing: 16-Recreation-and-Tourism.pdf
2026-05-12 13:48:11,536 - INFO - Processing: 17-Water-Resources.pdf
2026-05-12 13:48:11,548 - INFO - Processing: Am-122-Upper-Yarra-Valley-and-Dandenong-Ranges-RSP-Amendment.pdf
2026-05-12 13:48:11,674 - INFO - Processing: Using-Victorias-Planning-System.pdf
2026-05-12 13:48:11,770 - INFO - Processing complete. Files saved to outputs/
